<?xml version="1.0" encoding="UTF-8"?>
<testng-results total="1" passed="1" failed="0" skipped="0">
  <reporter-output>
  </reporter-output>
  <suite started-at="2020-12-20T15:58:28Z" name="Suite" finished-at="2020-12-20T15:58:35Z" duration-ms="7508">
    <groups>
      <group name="cucumber">
        <method signature="AbstractTestNGCucumberTests.feature(cucumber.api.testng.CucumberFeatureWrapper)[pri:0, instance:testRunner.RunCukeFeatures@6d07a63d]" name="feature" class="cucumber.api.testng.AbstractTestNGCucumberTests"/>
      </group> <!-- cucumber -->
    </groups>
    <test started-at="2020-12-20T15:58:28Z" name="Test" finished-at="2020-12-20T15:58:35Z" duration-ms="7508">
      <class name="testRunner.RunCukeFeatures">
        <test-method is-config="true" signature="setUpClass()[pri:0, instance:testRunner.RunCukeFeatures@6d07a63d]" started-at="2020-12-20T07:58:28Z" name="setUpClass" finished-at="2020-12-20T07:58:28Z" duration-ms="416" status="PASS">
          <reporter-output>
          </reporter-output>
        </test-method> <!-- setUpClass -->
        <test-method signature="feature(cucumber.api.testng.CucumberFeatureWrapper)[pri:0, instance:testRunner.RunCukeFeatures@6d07a63d]" started-at="2020-12-20T07:58:28Z" name="feature" description="Runs Cucumber Feature" data-provider="features" finished-at="2020-12-20T07:58:35Z" duration-ms="6936" status="PASS">
          <params>
            <param index="0">
              <value>
                <![CDATA[Title of your feature]]>
              </value>
            </param>
          </params>
          <reporter-output>
          </reporter-output>
        </test-method> <!-- feature -->
        <test-method is-config="true" signature="tearDownClass()[pri:0, instance:testRunner.RunCukeFeatures@6d07a63d]" started-at="2020-12-20T07:58:35Z" name="tearDownClass" finished-at="2020-12-20T07:58:35Z" duration-ms="11" status="PASS">
          <reporter-output>
          </reporter-output>
        </test-method> <!-- tearDownClass -->
      </class> <!-- testRunner.RunCukeFeatures -->
    </test> <!-- Test -->
  </suite> <!-- Suite -->
</testng-results>
